<?xml version="1.0" encoding="UTF-8"?>
<testng-results ignored="0" total="1" passed="1" failed="0" skipped="0">
  <reporter-output>
  </reporter-output>
  <suite started-at="2022-04-19T10:31:53Z" name="Default suite" finished-at="2022-04-19T10:32:01Z" duration-ms="8003">
    <groups>
      <group name="intranetTest">
        <method signature="DemoTest.validateLoginToIntranet()[pri:0, instance:demoProject.DemoTest@1cf6d1be]" name="validateLoginToIntranet" class="demoProject.DemoTest"/>
      </group> <!-- intranetTest -->
    </groups>
    <test started-at="2022-04-19T10:31:53Z" name="Default test" finished-at="2022-04-19T10:32:01Z" duration-ms="8003">
      <class name="demoProject.DemoTest">
        <test-method is-config="true" signature="setup()[pri:0, instance:demoProject.DemoTest@1cf6d1be]" started-at="2022-04-19T10:31:53Z" name="setup" finished-at="2022-04-19T10:31:56Z" duration-ms="2857" status="PASS">
          <reporter-output>
          </reporter-output>
        </test-method> <!-- setup -->
        <test-method signature="validateLoginToIntranet()[pri:0, instance:demoProject.DemoTest@1cf6d1be]" started-at="2022-04-19T10:31:56Z" name="validateLoginToIntranet" finished-at="2022-04-19T10:32:01Z" duration-ms="5135" status="PASS">
          <reporter-output>
          </reporter-output>
        </test-method> <!-- validateLoginToIntranet -->
      </class> <!-- demoProject.DemoTest -->
    </test> <!-- Default test -->
  </suite> <!-- Default suite -->
</testng-results>
