<?xml version="1.0" encoding="UTF-8"?>
<testng-results ignored="0" total="1" passed="1" failed="0" skipped="0">
  <reporter-output>
  </reporter-output>
  <suite started-at="2022-04-18T10:19:43Z" name="Default suite" finished-at="2022-04-18T10:19:49Z" duration-ms="6218">
    <groups>
      <group name="intranetTest">
        <method signature="DemoTest.validateLoginToIntranet()[pri:0, instance:demoProject.DemoTest@53045c6c]" name="validateLoginToIntranet" class="demoProject.DemoTest"/>
      </group> <!-- intranetTest -->
    </groups>
    <test started-at="2022-04-18T10:19:43Z" name="Default test" finished-at="2022-04-18T10:19:49Z" duration-ms="6218">
      <class name="demoProject.DemoTest">
        <test-method is-config="true" signature="setup()[pri:0, instance:demoProject.DemoTest@53045c6c]" started-at="2022-04-18T10:19:43Z" name="setup" finished-at="2022-04-18T10:19:46Z" duration-ms="2828" status="PASS">
          <reporter-output>
          </reporter-output>
        </test-method> <!-- setup -->
        <test-method signature="validateLoginToIntranet()[pri:0, instance:demoProject.DemoTest@53045c6c]" started-at="2022-04-18T10:19:46Z" name="validateLoginToIntranet" finished-at="2022-04-18T10:19:49Z" duration-ms="3378" status="PASS">
          <reporter-output>
          </reporter-output>
        </test-method> <!-- validateLoginToIntranet -->
      </class> <!-- demoProject.DemoTest -->
    </test> <!-- Default test -->
  </suite> <!-- Default suite -->
</testng-results>
